<?xml version="1.0" encoding="UTF-8"?>
<testng-results skipped="0" failed="0" total="0" passed="0">
  <reporter-output>
  </reporter-output>
  <suite name="org.riderzen.flume.sink.MongoSinkTest" duration-ms="2" started-at="2016-06-20T10:04:41Z" finished-at="2016-06-20T10:04:41Z">
    <groups>
    </groups>
    <test name="Command line test" duration-ms="2" started-at="2016-06-20T10:04:41Z" finished-at="2016-06-20T10:04:41Z">
    </test> <!-- Command line test -->
  </suite> <!-- org.riderzen.flume.sink.MongoSinkTest -->
</testng-results>
